<?xml version="1.0" encoding="UTF-8"?>
<!-- Generated by org.testng.reporters.JUnitReportReporter -->
<testsuite hostname="ASUS-FX503-VARISHT" failures="0" tests="4" name="com.amazon.qa.testcases.HomePageTest" time="49.615" errors="0" timestamp="2022-04-10T14:49:19 IST" skipped="0">
  <testcase classname="com.amazon.qa.testcases.HomePageTest" name="searchForProductAndVerifyList" time="7.841"/>
  <system-out/>
  <testcase classname="com.amazon.qa.testcases.HomePageTest" name="addProductToCardAndVerify" time="13.244"/>
  <system-out/>
  <testcase classname="com.amazon.qa.testcases.HomePageTest" name="increaseItemsAndVerifyPrice" time="14.661"/>
  <system-out/>
  <testcase classname="com.amazon.qa.testcases.HomePageTest" name="removeItemsAndVerifyPrice" time="13.869"/>
  <system-out/>
</testsuite> <!-- com.amazon.qa.testcases.HomePageTest -->
